<?xml version="1.0" encoding="UTF-8"?>
<testsuite xmlns:xsi="http://www.w3.org/2001/XMLSchema-instance" xsi:noNamespaceSchemaLocation="https://maven.apache.org/surefire/maven-surefire-plugin/xsd/surefire-test-report.xsd" version="3.0.2" name="com.example.realtimenotification.RealtimenotificationApplicationTests" time="2.698" tests="1" errors="0" skipped="0" failures="0">
  <properties>
[...]
</properties>
  <testcase name="contextLoads" classname="com.example.realtimenotification.RealtimenotificationApplicationTests" time="0.861">
    <system-out><![CDATA[12:10:00.764 [main] INFO org.springframework.test.context.support.AnnotationConfigContextLoaderUtils -- Could not detect default configuration classes for test class [com.example.realtimenotification.RealtimenotificationApplicationTests]: RealtimenotificationApplicationTests does not declare any static, non-private, non-final, nested classes annotated with @Configuration.
12:10:00.864 [main] INFO org.springframework.boot.test.context.SpringBootTestContextBootstrapper -- Found @SpringBootConfiguration com.example.realtimenotification.RealtimenotificationApplication for test class com.example.realtimenotification.RealtimenotificationApplicationTests

  .   ____          _            __ _ _
 /\\ / ___'_ __ _ _(_)_ __  __ _ \ \ \ \
( ( )\___ | '_ | '_| | '_ \/ _` | \ \ \ \
 \\/  ___)| |_)| | | | | || (_| |  ) ) ) )
  '  |____| .__|_| |_|_| |_\__, | / / / /
 =========|_|==============|___/=/_/_/_/

 :: Spring Boot ::                (v3.4.1)

2025-01-04T12:10:01.213+05:30  INFO 16834 --- [realtimenotification] [           main] e.r.RealtimenotificationApplicationTests : Starting RealtimenotificationApplicationTests using Java 23 with PID 16834 (started by mmaheswa in /Users/mmaheswa/Documents/realtimenotification)
2025-01-04T12:10:01.214+05:30  INFO 16834 --- [realtimenotification] [           main] e.r.RealtimenotificationApplicationTests : No active profile set, falling back to 1 default profile: "default"
2025-01-04T12:10:02.438+05:30  INFO 16834 --- [realtimenotification] [           main] e.r.RealtimenotificationApplicationTests : Started RealtimenotificationApplicationTests in 1.457 seconds (process running for 2.323)
]]></system-out>
    <system-err><![CDATA[Mockito is currently self-attaching to enable the inline-mock-maker. This will no longer work in future releases of the JDK. Please add Mockito as an agent to your build what is described in Mockito's documentation: https://javadoc.io/doc/org.mockito/mockito-core/latest/org/mockito/Mockito.html#0.3
WARNING: A Java agent has been loaded dynamically (/Users/mmaheswa/.m2/repository/net/bytebuddy/byte-buddy-agent/1.15.11/byte-buddy-agent-1.15.11.jar)
WARNING: If a serviceability tool is in use, please run with -XX:+EnableDynamicAgentLoading to hide this warning
WARNING: If a serviceability tool is not in use, please run with -Djdk.instrument.traceUsage for more information
WARNING: Dynamic loading of agents will be disallowed by default in a future release
]]></system-err>
  </testcase>
</testsuite>